Building DAG of jobs...
Using shell: /usr/bin/bash
Provided cores: 4
Rules claiming more threads will be scaled down.
Job counts:
	count	jobs
	1	all
	1	compile_metadata
	1	ncbi_download
	3

[Mon Dec  5 16:31:00 2022]
rule ncbi_download:
    output: temp.gb, concat.fa
    jobid: 2

[Mon Dec  5 16:31:55 2022]
Finished job 2.
1 of 3 steps (33%) done

[Mon Dec  5 16:31:55 2022]
rule compile_metadata:
    input: temp.gb
    output: input_files/ncbi_download_meta.csv
    jobid: 1

Removing temporary output file temp.gb.
[Mon Dec  5 16:32:01 2022]
Finished job 1.
2 of 3 steps (67%) done

[Mon Dec  5 16:32:01 2022]
localrule all:
    input: input_files/ncbi_download_meta.csv
    jobid: 0

[Mon Dec  5 16:32:01 2022]
Finished job 0.
3 of 3 steps (100%) done
Complete log: /mnt/archgen/users/michel/plasmodium/08-phylogeny/plasmodium_phylogenies/bin/.snakemake/log/2022-12-05T163057.163395.snakemake.log
