Building DAG of jobs...
Using shell: /usr/bin/bash
Provided cores: 4
Rules claiming more threads will be scaled down.
Job counts:
	count	jobs
	1	add_trait_data
	1	all
	2

[Mon Dec  5 20:57:46 2022]
rule add_trait_data:
    input: filtered_snp_alignment.nex
    output: nexus_final.nex
    jobid: 1

Removing temporary output file filtered_snp_alignment.nex.
[Mon Dec  5 20:57:50 2022]
Finished job 1.
1 of 2 steps (50%) done

[Mon Dec  5 20:57:50 2022]
localrule all:
    input: nexus_final.nex
    jobid: 0

[Mon Dec  5 20:57:50 2022]
Finished job 0.
2 of 2 steps (100%) done
Complete log: /mnt/archgen/users/michel/plasmodium/08-phylogeny/plasmodium_phylogenies/bin/.snakemake/log/2022-12-05T205734.488036.snakemake.log
