Building DAG of jobs...
Using shell: /usr/bin/bash
Provided cores: 4
Rules claiming more threads will be scaled down.
Job counts:
	count	jobs
	1	add_trait_data
	1	alignment_filter
	1	all
	1	low_cov_calc
	1	make_nexus
	1	remove_bad_samples
	1	snp_only
	1	unzip_files
	8

[Mon Dec  5 20:38:46 2022]
rule unzip_files:
    input: eager/multivcfanalyzer/snpTable.tsv.gz, eager/multivcfanalyzer/snpStatistics.tsv.gz, eager/multivcfanalyzer/fullAlignment.fasta.gz
    output: fullAlignment.fasta, snpStatistics.tsv, alignments/snpTable.tsv
    jobid: 7

Removing temporary output file fullAlignment.fasta.
[Mon Dec  5 20:38:46 2022]
Finished job 7.
1 of 8 steps (12%) done

[Mon Dec  5 20:38:46 2022]
rule low_cov_calc:
    input: snpStatistics.tsv
    output: low_cov_samples.txt
    jobid: 6

Removing temporary output file snpStatistics.tsv.
[Mon Dec  5 20:38:46 2022]
Finished job 6.
2 of 8 steps (25%) done

[Mon Dec  5 20:38:46 2022]
rule remove_bad_samples:
    input: low_cov_samples.txt, alignments/snpTable.tsv
    output: alignments/snpTable/snpTable_exclude_lowcov_indivs.tsv
    jobid: 5

Shutting down, this might take some time.
Exiting because a job execution failed. Look above for error message
Complete log: /mnt/archgen/users/michel/plasmodium/08-phylogeny/plasmodium_phylogenies/bin/.snakemake/log/2022-12-05T203828.344738.snakemake.log
