Building DAG of jobs...
Using shell: /usr/bin/bash
Provided cores: 4
Rules claiming more threads will be scaled down.
Job counts:
	count	jobs
	1	add_trait_data
	1	alignment_filter
	1	all
	1	low_cov_calc
	1	make_nexus
	1	remove_bad_samples
	1	snp_only
	7

[Sat Apr 15 10:56:40 2023]
rule low_cov_calc:
    input: alignments/fullAlignment_noReference.fasta
    output: low_cov_samples.txt, nuc_freq.txt
    jobid: 6

Removing temporary output file alignments/fullAlignment_noReference.fasta.
[Sat Apr 15 10:56:42 2023]
Finished job 6.
1 of 7 steps (14%) done

[Sat Apr 15 10:56:42 2023]
rule remove_bad_samples:
    input: low_cov_samples.txt, multivcf_out/snpTable.tsv
    output: alignments/snpTable/snpTable_exclude_lowcov_indivs.tsv
    jobid: 5

Shutting down, this might take some time.
Exiting because a job execution failed. Look above for error message
Complete log: /mnt/archgen/users/michel/plasmodium/08-phylogeny/plasmodium_phylogenies/bin/.snakemake/log/2023-04-15T105639.479906.snakemake.log
