Building DAG of jobs...
Using shell: /usr/bin/bash
Provided cores: 4
Rules claiming more threads will be scaled down.
Job counts:
	count	jobs
	1	all
	1	low_cov_calc
	2

[Sat Apr 15 10:36:53 2023]
rule low_cov_calc:
    input: alignments/fullAlignment_noReference.fasta
    output: low_cov_samples.txt, nuc_freq.txt
    jobid: 1

Removing temporary output file alignments/fullAlignment_noReference.fasta.
Removing temporary output file low_cov_samples.txt.
[Sat Apr 15 10:36:55 2023]
Finished job 1.
1 of 2 steps (50%) done

[Sat Apr 15 10:36:55 2023]
localrule all:
    input: nuc_freq.txt
    jobid: 0

[Sat Apr 15 10:36:55 2023]
Finished job 0.
2 of 2 steps (100%) done
Complete log: /mnt/archgen/users/michel/plasmodium/08-phylogeny/plasmodium_phylogenies/bin/.snakemake/log/2023-04-15T103652.059450.snakemake.log
