Building DAG of jobs...
Using shell: /usr/bin/bash
Provided cores: 4
Rules claiming more threads will be scaled down.
Job counts:
	count	jobs
	1	add_trait_data
	1	alignment_filter
	1	all
	1	make_nexus
	1	snp_only
	5

[Sat Apr 15 11:05:47 2023]
rule alignment_filter:
    input: alignments/snpTable/snpTable_exclude_lowcov_indivs.tsv
    output: alignments/partial_deletion_filter
    jobid: 4

[Sat Apr 15 11:05:49 2023]
Error in rule alignment_filter:
    jobid: 4
    output: alignments/partial_deletion_filter
    shell:
        
        mkdir alignments/partial_deletion_filter
        if test -f "/mnt/archgen/users/michel/plasmodium/08-phylogeny/plasmodium_phylogenies/vivax_mito/exclude.txt"; then
            echo "/mnt/archgen/users/michel/plasmodium/08-phylogeny/plasmodium_phylogenies/vivax_mito/exclude.txt exists."
            Rscript /mnt/archgen/users/michel/plasmodium/08-phylogeny/plasmodium_phylogenies/bin/scripts/MDF/MDF.R -t /mnt/archgen/users/michel/plasmodium/08-phylogeny/plasmodium_phylogenies/vivax_mito/exclude.txt alignments/snpTable/snpTable_exclude_lowcov_indivs.tsv 100 filtered  > alignments/partial_deletion_filter/filtered.log
        else
            echo "No /mnt/archgen/users/michel/plasmodium/08-phylogeny/plasmodium_phylogenies/vivax_mito/exclude.txt."
            Rscript /mnt/archgen/users/michel/plasmodium/08-phylogeny/plasmodium_phylogenies/bin/scripts/MDF/MDF.R alignments/snpTable/snpTable_exclude_lowcov_indivs.tsv 100 filtered  > alignments/partial_deletion_filter/filtered.log
        fi
        mv filtered* alignments/partial_deletion_filter
        
        (one of the commands exited with non-zero exit code; note that snakemake uses bash strict mode!)

Removing output files of failed job alignment_filter since they might be corrupted:
alignments/partial_deletion_filter
Shutting down, this might take some time.
Exiting because a job execution failed. Look above for error message
Complete log: /mnt/archgen/users/michel/plasmodium/08-phylogeny/plasmodium_phylogenies/bin/.snakemake/log/2023-04-15T110545.634040.snakemake.log
