Building DAG of jobs...
Using shell: /usr/bin/bash
Provided cores: 4
Rules claiming more threads will be scaled down.
Job counts:
	count	jobs
	1	add_trait_data
	1	alignment_filter
	1	all
	1	format_fasta
	1	low_cov_calc
	1	make_nexus
	1	remove_bad_samples
	1	snp_only
	8

[Mon May 22 10:06:30 2023]
rule format_fasta:
    input: multivcf_out/snpTable.tsv, multivcf_out/snpAlignment.fasta
    output: alignments/fullAlignment_noReference.fasta
    jobid: 8

[Mon May 22 10:06:42 2023]
Finished job 8.
1 of 8 steps (12%) done

[Mon May 22 10:06:42 2023]
rule low_cov_calc:
    input: alignments/fullAlignment_noReference.fasta
    output: low_cov_samples.txt, nuc_freq.txt
    jobid: 6

Removing temporary output file alignments/fullAlignment_noReference.fasta.
Removing temporary output file nuc_freq.txt.
[Mon May 22 10:06:44 2023]
Finished job 6.
2 of 8 steps (25%) done

[Mon May 22 10:06:44 2023]
rule remove_bad_samples:
    input: low_cov_samples.txt, multivcf_out/snpTable.tsv
    output: alignments/snpTable/snpTable_exclude_lowcov_indivs.tsv
    jobid: 5

Removing temporary output file low_cov_samples.txt.
[Mon May 22 10:06:47 2023]
Finished job 5.
3 of 8 steps (38%) done

[Mon May 22 10:06:47 2023]
rule alignment_filter:
    input: alignments/snpTable/snpTable_exclude_lowcov_indivs.tsv
    output: alignments/partial_deletion_filter
    jobid: 4

[Mon May 22 10:06:50 2023]
Finished job 4.
4 of 8 steps (50%) done

[Mon May 22 10:06:50 2023]
rule snp_only:
    input: alignments/partial_deletion_filter
    output: alignments/final, tmp.tsv
    jobid: 3

Removing temporary output file tmp.tsv.
[Mon May 22 10:06:53 2023]
Finished job 3.
5 of 8 steps (62%) done

[Mon May 22 10:06:53 2023]
rule make_nexus:
    input: alignments/final
    output: filtered_snp_alignment.nex
    jobid: 2

[Mon May 22 10:06:54 2023]
Finished job 2.
6 of 8 steps (75%) done

[Mon May 22 10:06:54 2023]
rule add_trait_data:
    input: filtered_snp_alignment.nex
    output: nexus_final.nex
    jobid: 1

Shutting down, this might take some time.
Exiting because a job execution failed. Look above for error message
Complete log: /mnt/archgen/users/michel/plasmodium/08-phylogeny/plasmodium_phylogenies/bin/.snakemake/log/2023-05-22T100621.302860.snakemake.log
