Building DAG of jobs...
Using shell: /usr/bin/bash
Provided cores: 4
Rules claiming more threads will be scaled down.
Job counts:
	count	jobs
	1	add_trait_data
	1	alignment_filter
	1	all
	1	low_cov_calc
	1	make_nexus
	1	remove_bad_samples
	1	snp_only
	7

[Sat Apr 15 11:11:44 2023]
rule low_cov_calc:
    input: alignments/fullAlignment_noReference.fasta
    output: low_cov_samples.txt, nuc_freq.txt
    jobid: 6

Removing temporary output file alignments/fullAlignment_noReference.fasta.
[Sat Apr 15 11:11:45 2023]
Finished job 6.
1 of 7 steps (14%) done

[Sat Apr 15 11:11:45 2023]
rule remove_bad_samples:
    input: low_cov_samples.txt, multivcf_out/snpTable.tsv
    output: alignments/snpTable/snpTable_exclude_lowcov_indivs.tsv
    jobid: 5

[Sat Apr 15 11:11:47 2023]
Finished job 5.
2 of 7 steps (29%) done

[Sat Apr 15 11:11:47 2023]
rule alignment_filter:
    input: alignments/snpTable/snpTable_exclude_lowcov_indivs.tsv
    output: alignments/partial_deletion_filter
    jobid: 4

[Sat Apr 15 11:11:49 2023]
Finished job 4.
3 of 7 steps (43%) done

[Sat Apr 15 11:11:49 2023]
rule snp_only:
    input: alignments/partial_deletion_filter
    output: alignments/final, tmp.tsv
    jobid: 3

Removing temporary output file tmp.tsv.
[Sat Apr 15 11:11:51 2023]
Finished job 3.
4 of 7 steps (57%) done

[Sat Apr 15 11:11:51 2023]
rule make_nexus:
    input: alignments/final
    output: filtered_snp_alignment.nex
    jobid: 2

[Sat Apr 15 11:11:51 2023]
Finished job 2.
5 of 7 steps (71%) done

[Sat Apr 15 11:11:51 2023]
rule add_trait_data:
    input: filtered_snp_alignment.nex
    output: nexus_final.nex
    jobid: 1

Removing temporary output file filtered_snp_alignment.nex.
[Sat Apr 15 11:11:54 2023]
Finished job 1.
6 of 7 steps (86%) done

[Sat Apr 15 11:11:54 2023]
localrule all:
    input: nexus_final.nex
    jobid: 0

[Sat Apr 15 11:11:54 2023]
Finished job 0.
7 of 7 steps (100%) done
Complete log: /mnt/archgen/users/michel/plasmodium/08-phylogeny/plasmodium_phylogenies/bin/.snakemake/log/2023-04-15T111142.695174.snakemake.log
