Building DAG of jobs...
Using shell: /usr/bin/bash
Provided cores: 4
Rules claiming more threads will be scaled down.
Job counts:
	count	jobs
	1	all
	1	format_fasta
	1	low_cov_calc
	3

[Sat Apr 15 10:39:37 2023]
rule format_fasta:
    input: multivcf_out/snpTable.tsv, multivcf_out/snpAlignment.fasta
    output: alignments/fullAlignment_noReference.fasta
    jobid: 2

[Sat Apr 15 10:39:37 2023]
Finished job 2.
1 of 3 steps (33%) done

[Sat Apr 15 10:39:37 2023]
rule low_cov_calc:
    input: alignments/fullAlignment_noReference.fasta
    output: low_cov_samples.txt, nuc_freq.txt
    jobid: 1

Removing temporary output file alignments/fullAlignment_noReference.fasta.
[Sat Apr 15 10:39:39 2023]
Finished job 1.
2 of 3 steps (67%) done

[Sat Apr 15 10:39:39 2023]
localrule all:
    input: nuc_freq.txt
    jobid: 0

[Sat Apr 15 10:39:39 2023]
Finished job 0.
3 of 3 steps (100%) done
Complete log: /mnt/archgen/users/michel/plasmodium/08-phylogeny/plasmodium_phylogenies/bin/.snakemake/log/2023-04-15T103936.146977.snakemake.log
