Building DAG of jobs...
Using shell: /usr/bin/bash
Provided cores: 4
Rules claiming more threads will be scaled down.
Job counts:
	count	jobs
	1	add_trait_data
	1	alignment_filter
	1	all
	1	format_fasta
	1	gather_vcfs
	1	low_cov_calc
	1	make_nexus
	1	remove_bad_samples
	1	snp_only
	9

[Mon May 22 10:21:53 2023]
rule gather_vcfs:
    input: eager/multivcfanalyzer/snpTable.tsv.gz, eager/multivcfanalyzer/snpAlignment.fasta.gz
    output: multivcf_out/snpTable.tsv, multivcf_out/snpAlignment.fasta
    jobid: 7

Shutting down, this might take some time.
Exiting because a job execution failed. Look above for error message
Complete log: /mnt/archgen/users/michel/plasmodium/08-phylogeny/plasmodium_phylogenies/bin/.snakemake/log/2023-05-22T102142.847849.snakemake.log
